Unity Editor version:    2020.3.18f1 (a7d1c678663c)
Branch:                  2020.3/staging
Build type:              Release
Batch mode:              YES
macOS version:           Version 13.2.1 (Build 22D68)
Darwin version:          22.3.0
Architecture:            x86_64
Running under Rosetta:   YES
Available memory:        16384 MB
Using pre-set license
Pro License: NO

COMMAND LINE ARGUMENTS:
/Applications/Unity/Hub/Editor/2020.3.18f1/Unity.app/Contents/MacOS/Unity
-adb2
-batchMode
-noUpm
-name
AssetImportWorker0
-projectPath
/Users/stephenshaw/Desktop/Create with Code/3D Bunny Ball-
-logFile
Logs/AssetImportWorker0.log
-srvPort
61363
Successfully changed project path to: /Users/stephenshaw/Desktop/Create with Code/3D Bunny Ball-
/Users/stephenshaw/Desktop/Create with Code/3D Bunny Ball-
Using Asset Import Pipeline V2.
Refreshing native plugins compatible for Editor in 33.69 ms, found 2 plugins.
Preloading 0 native plugins for Editor in 0.00 ms.
Initialize engine version: 2020.3.18f1 (a7d1c678663c)
[Subsystems] Discovering subsystems at path /Applications/Unity/Hub/Editor/2020.3.18f1/Unity.app/Contents/Resources/UnitySubsystems
[Subsystems] Discovering subsystems at path /Users/stephenshaw/Desktop/Create with Code/3D Bunny Ball-/Assets
GfxDevice: creating device client; threaded=0
2023-05-01 21:48:32.273 Unity[91441:4145824] (null) preferred device: Apple M1 Pro (high power)
2023-05-01 21:48:32.273 Unity[91441:4145824] Metal devices available: 1
2023-05-01 21:48:32.273 Unity[91441:4145824] 0: Apple M1 Pro (high power)
2023-05-01 21:48:32.273 Unity[91441:4145824] Using device Apple M1 Pro (high power)
Initializing Metal device caps: Apple M1 Pro
Initialize mono
Mono path[0] = '/Applications/Unity/Hub/Editor/2020.3.18f1/Unity.app/Contents/Managed'
Mono path[1] = '/Applications/Unity/Hub/Editor/2020.3.18f1/Unity.app/Contents/MonoBleedingEdge/lib/mono/unityjit'
Mono config path = '/Applications/Unity/Hub/Editor/2020.3.18f1/Unity.app/Contents/MonoBleedingEdge/etc'
Using monoOptions --debugger-agent=transport=dt_socket,embedding=1,server=y,suspend=n,address=127.0.0.1:56441
Begin MonoManager ReloadAssembly
Registering precompiled unity dll's ...
Register platform support module: /Applications/Unity/Hub/Editor/2020.3.18f1/Unity.app/Contents/PlaybackEngines/MacStandaloneSupport/UnityEditor.OSXStandalone.Extensions.dll
Registered in 0.001219 seconds.
Native extension for OSXStandalone target not found
Refreshing native plugins compatible for Editor in 32.73 ms, found 2 plugins.
Preloading 0 native plugins for Editor in 0.00 ms.
Mono: successfully reloaded assembly
- Completed reload, in  2.947 seconds
Domain Reload Profiling:
	ReloadAssembly (2947ms)
		BeginReloadAssembly (75ms)
			ExecutionOrderSort (0ms)
			DisableScriptedObjects (0ms)
			BackupInstance (0ms)
			ReleaseScriptingObjects (0ms)
			CreateAndSetChildDomain (2ms)
		EndReloadAssembly (963ms)
			LoadAssemblies (73ms)
			RebuildTransferFunctionScriptingTraits (0ms)
			SetupTypeCache (166ms)
			ReleaseScriptCaches (0ms)
			RebuildScriptCaches (35ms)
			SetupLoadedEditorAssemblies (592ms)
				LogAssemblyErrors (0ms)
				InitializePlatformSupportModulesInManaged (11ms)
				SetLoadedEditorAssemblies (1ms)
				RefreshPlugins (33ms)
				BeforeProcessingInitializeOnLoad (70ms)
				ProcessInitializeOnLoadAttributes (349ms)
				ProcessInitializeOnLoadMethodAttributes (128ms)
				AfterProcessingInitializeOnLoad (0ms)
				EditorAssembliesLoaded (1ms)
			ExecutionOrderSort2 (0ms)
			AwakeInstancesAfterBackupRestoration (0ms)
Platform modules already initialized, skipping
Registering precompiled user dll's ...
Registered in 0.003289 seconds.
Begin MonoManager ReloadAssembly
Native extension for OSXStandalone target not found
Refreshing native plugins compatible for Editor in 0.36 ms, found 2 plugins.
Preloading 0 native plugins for Editor in 0.00 ms.
Mono: successfully reloaded assembly
- Completed reload, in  2.226 seconds
Domain Reload Profiling:
	ReloadAssembly (2228ms)
		BeginReloadAssembly (234ms)
			ExecutionOrderSort (0ms)
			DisableScriptedObjects (36ms)
			BackupInstance (0ms)
			ReleaseScriptingObjects (0ms)
			CreateAndSetChildDomain (26ms)
		EndReloadAssembly (1915ms)
			LoadAssemblies (175ms)
			RebuildTransferFunctionScriptingTraits (0ms)
			SetupTypeCache (284ms)
			ReleaseScriptCaches (1ms)
			RebuildScriptCaches (49ms)
			SetupLoadedEditorAssemblies (1157ms)
				LogAssemblyErrors (0ms)
				InitializePlatformSupportModulesInManaged (14ms)
				SetLoadedEditorAssemblies (2ms)
				RefreshPlugins (0ms)
				BeforeProcessingInitializeOnLoad (213ms)
				ProcessInitializeOnLoadAttributes (889ms)
				ProcessInitializeOnLoadMethodAttributes (37ms)
				AfterProcessingInitializeOnLoad (1ms)
				EditorAssembliesLoaded (0ms)
			ExecutionOrderSort2 (0ms)
			AwakeInstancesAfterBackupRestoration (34ms)
Platform modules already initialized, skipping
Validating Project structure ... 0.001264 seconds.
Shader import version has changed; will reimport all shaders...
Upgrading shader files ...0.001070 seconds.
Application.AssetDatabase Initial Script Refresh Start
RefreshInfo: InitialScriptRefreshV2(NoUpdateAssetOptions) scanfilter:  ... 1 filters
RefreshProfiler: Total: 0.000ms
Application.AssetDatabase Initial Script Refresh End
Application.AssetDatabase.Refresh Start
Application.AssetDatabase.Refresh End
RefreshInfo: StopAssetImportingV2(ForceSynchronousImport) scanfilter: 
RefreshProfiler: Total: 0.000ms
Launching external process: /Applications/Unity/Hub/Editor/2020.3.18f1/Unity.app/Contents/Tools/UnityShaderCompiler
Launched and connected shader compiler UnityShaderCompiler after 0.10 seconds
Initializing Unity extensions:
[C# Project] Writing /Users/stephenshaw/Desktop/Create with Code/3D Bunny Ball-/3D Bunny Ball-.sln because it has changed
[C# Project] First difference on line 2

[C# Project] Current /Users/stephenshaw/Desktop/Create with Code/3D Bunny Ball-/3D Bunny Ball-.sln:
[C# Project]   002: Microsoft Visual Studio Solution File, Format Version 12.00
[C# Project]   003: # Visual Studio 15
[C# Project]   004: Project("{FAE04EC0-301F-11D3-BF4B-00C04F79EFBC}") = "Assembly-CSharp", "Assembly-CSharp.csproj", "{649CD038-E888-BFEA-E829-4B544C8E1E49}"
[C# Project]   005: EndProject
[C# Project]   006: Global

[C# Project] New /Users/stephenshaw/Desktop/Create with Code/3D Bunny Ball-/3D Bunny Ball-.sln:
[C# Project]   002: Microsoft Visual Studio Solution File, Format Version 11.00
[C# Project]   003: # Visual Studio 2010
[C# Project]   004: Project("{FAE04EC0-301F-11D3-BF4B-00C04F79EFBC}") = "UnityEngine.TestRunner", "UnityEngine.TestRunner.csproj", "{3EADF750-1E33-25CF-876E-18D496C321AB}"
[C# Project]   005: EndProject
[C# Project]   006: Project("{FAE04EC0-301F-11D3-BF4B-00C04F79EFBC}") = "UnityEngine.XR.LegacyInputHelpers", "UnityEngine.XR.LegacyInputHelpers.csproj", "{63A0BCB7-7C58-35C5-5F05-D9AB03EAD8A7}"
[C# Project] Writing /Users/stephenshaw/Desktop/Create with Code/3D Bunny Ball-/Assembly-CSharp.csproj because it has changed
[C# Project] First difference on line 5

[C# Project] Current /Users/stephenshaw/Desktop/Create with Code/3D Bunny Ball-/Assembly-CSharp.csproj:
[C# Project]   005:   </PropertyGroup>
[C# Project]   006:   <PropertyGroup>
[C# Project]   007:     <Configuration Condition=" '$(Configuration)' == '' ">Debug</Configuration>
[C# Project]   008:     <Platform Condition=" '$(Platform)' == '' ">AnyCPU</Platform>
[C# Project]   009:     <ProductVersion>10.0.20506</ProductVersion>

[C# Project] New /Users/stephenshaw/Desktop/Create with Code/3D Bunny Ball-/Assembly-CSharp.csproj:
[C# Project]   005:     <CscToolPath>/Applications/Unity/Hub/Editor/2020.3.18f1/Unity.app/Contents/Tools/RoslynScripts</CscToolPath>
[C# Project]   006:     <CscToolExe>unity_csc.sh</CscToolExe>
[C# Project]   007:   </PropertyGroup>
[C# Project]   008:   <PropertyGroup>
[C# Project]   009:     <Configuration Condition=" '$(Configuration)' == '' ">Debug</Configuration>
2023-05-01 21:48:39.425 Unity[91441:4145824] NSEventModifierFlagFunction specified to -setKeyEquivalentModifierMask: for item <NSMenuItem: 0x7f7a84d4e840 Font Asset, ke='Command-F12'>, but is only supported for system-provided menu items; will not be used
2023-05-01 21:48:39.428 Unity[91441:4145824] NSEventModifierFlagFunction specified to -setKeyEquivalentModifierMask: for item <NSMenuItem: 0x7f7a75b560b0 Font Asset, ke='Command-F12'>, but is only supported for system-provided menu items; will not be used
========================================================================
Worker process is ready to serve import requests
Refreshing native plugins compatible for Editor in 0.30 ms, found 2 plugins.
Preloading 0 native plugins for Editor in 0.00 ms.
Unloading 1643 Unused Serialized files (Serialized files now loaded: 0)
System memory in use before: 114.4 MB.
System memory in use after: 113.6 MB.

Unloading 137 unused Assets to reduce memory usage. Loaded Objects now: 2120.
Total: 2.718291 ms (FindLiveObjects: 0.135750 ms CreateObjectMapping: 0.033416 ms MarkObjects: 2.115417 ms  DeleteObjects: 0.432625 ms)

AssetImportParameters requested are different than current active one (requested -> active):
  custom:video-decoder-ogg-theora: a1e56fd34408186e4bbccfd4996cb3dc -> 
  custom:container-muxer-webm: aa71ff27fc2769a1b78a27578f13a17b -> 
  custom:container-demuxer-webm: 4f35f7cbe854078d1ac9338744f61a02 -> 
  custom:container-demuxer-ogg: 62fdf1f143b41e24485cea50d1cbac27 -> 
  custom:video-encoder-webm-vp8: eb34c28f22e8b96e1ab97ce403110664 -> 
  custom:framework-osx-AVFoundation: e770b220cccbd017edd2c1fefb359320 -> 
  custom:video-decoder-webm-vp8: 9c59270c3fd7afecdb556c50c9e8de78 -> 
  custom:audio-decoder-ogg-vorbis: bf7c407c2cedff20999df2af8eb42d56 -> 
  custom:audio-encoder-webm-vorbis: bf7c407c2cedff20999df2af8eb42d56 -> 
========================================================================
Received Import Request.
  path: Assets/BunnyBall/Art/3D
  artifactKey: Guid(5d28bf599a1fb384a98f9bb8cd0f554e) Importer(815301076,1909f56bfc062723c751e8b465ee728b)
Start importing Assets/BunnyBall/Art/3D using Guid(5d28bf599a1fb384a98f9bb8cd0f554e) Importer(815301076,1909f56bfc062723c751e8b465ee728b)  -> (artifact id: '1d07cd668a106f805e8820da8bc5e86f') in 0.006421 seconds 
  Import took 0.009152 seconds .

========================================================================
Received Import Request.
  Time since last request: 0.000276 seconds.
  path: Assets/BunnyBall/Art
  artifactKey: Guid(c69495f15cca8e34e962b1f145e23db0) Importer(815301076,1909f56bfc062723c751e8b465ee728b)
Start importing Assets/BunnyBall/Art using Guid(c69495f15cca8e34e962b1f145e23db0) Importer(815301076,1909f56bfc062723c751e8b465ee728b)  -> (artifact id: 'e84899e0b659917b1b3846cebb636a6b') in 0.000888 seconds 
  Import took 0.002730 seconds .

========================================================================
Received Import Request.
  Time since last request: 24.191014 seconds.
  path: Assets/BunnyBall/Prefabs/BrickWall.prefab
  artifactKey: Guid(db6cbfbd2fadd4436bde41b27b36aec6) Importer(815301076,1909f56bfc062723c751e8b465ee728b)
Start importing Assets/BunnyBall/Prefabs/BrickWall.prefab using Guid(db6cbfbd2fadd4436bde41b27b36aec6) Importer(815301076,1909f56bfc062723c751e8b465ee728b)  -> (artifact id: 'afa5d91192a79c09b13d9fbe1b624cb5') in 0.810771 seconds 
  Import took 0.815619 seconds .

========================================================================
Received Import Request.
  Time since last request: 0.001970 seconds.
  path: Assets/BunnyBall/Prefabs/Shockwave.prefab
  artifactKey: Guid(4f2b448ece6bb4940be1ce4a87b8e110) Importer(815301076,1909f56bfc062723c751e8b465ee728b)
Start importing Assets/BunnyBall/Prefabs/Shockwave.prefab using Guid(4f2b448ece6bb4940be1ce4a87b8e110) Importer(815301076,1909f56bfc062723c751e8b465ee728b)  -> (artifact id: 'aff671628b1fd32471fc912bdbcbd6b0') in 0.056826 seconds 
  Import took 0.060006 seconds .

========================================================================
Received Import Request.
  Time since last request: 0.000232 seconds.
  path: Assets/BunnyBall/Prefabs/Grass.prefab
  artifactKey: Guid(ff809012324d5ce4db798c23137b771c) Importer(815301076,1909f56bfc062723c751e8b465ee728b)
Start importing Assets/BunnyBall/Prefabs/Grass.prefab using Guid(ff809012324d5ce4db798c23137b771c) Importer(815301076,1909f56bfc062723c751e8b465ee728b)  -> (artifact id: 'f54f394e98685c24d968c13e4bb9880c') in 0.014388 seconds 
  Import took 0.016624 seconds .

========================================================================
Received Import Request.
  Time since last request: 0.000248 seconds.
  path: Assets/BunnyBall/Prefabs/Player.prefab
  artifactKey: Guid(f757b320558b7984c96b025d56b0fd51) Importer(815301076,1909f56bfc062723c751e8b465ee728b)
Start importing Assets/BunnyBall/Prefabs/Player.prefab using Guid(f757b320558b7984c96b025d56b0fd51) Importer(815301076,1909f56bfc062723c751e8b465ee728b)  -> (artifact id: 'dcefcc99f2ddd231a43c0abaf8d0830c') in 0.046477 seconds 
  Import took 0.048963 seconds .

========================================================================
Received Import Request.
  Time since last request: 0.000281 seconds.
  path: Assets/BunnyBall/Prefabs/Fence.prefab
  artifactKey: Guid(1dd4fb16cec71e544bf5f7a31072201c) Importer(815301076,1909f56bfc062723c751e8b465ee728b)
Start importing Assets/BunnyBall/Prefabs/Fence.prefab using Guid(1dd4fb16cec71e544bf5f7a31072201c) Importer(815301076,1909f56bfc062723c751e8b465ee728b)  -> (artifact id: 'c3b91a1ed6c1639d9f55e78514e4ee81') in 0.009503 seconds 
  Import took 0.011877 seconds .

========================================================================
Received Import Request.
  Time since last request: 0.000264 seconds.
  path: Assets/BunnyBall/Prefabs/Key.prefab
  artifactKey: Guid(e6204ab31da16b5468b048819a83c0a5) Importer(815301076,1909f56bfc062723c751e8b465ee728b)
Start importing Assets/BunnyBall/Prefabs/Key.prefab using Guid(e6204ab31da16b5468b048819a83c0a5) Importer(815301076,1909f56bfc062723c751e8b465ee728b)  -> (artifact id: 'd934b3ad96694cf177584155841a2e87') in 0.058413 seconds 
  Import took 0.060831 seconds .

========================================================================
Received Import Request.
  Time since last request: 90.475077 seconds.
  path: Assets/BunnyBall/Scripts/Key.cs
  artifactKey: Guid(c65264f8896472545b924f5dc724188f) Importer(815301076,1909f56bfc062723c751e8b465ee728b)
Start importing Assets/BunnyBall/Scripts/Key.cs using Guid(c65264f8896472545b924f5dc724188f) Importer(815301076,1909f56bfc062723c751e8b465ee728b)  -> (artifact id: '9749254c54ead22bf2b2ad29908929c5') in 0.226645 seconds 
  Import took 0.237097 seconds .

========================================================================
Received Prepare
Registering precompiled user dll's ...
Registered in 0.002726 seconds.
Begin MonoManager ReloadAssembly
Native extension for OSXStandalone target not found
Refreshing native plugins compatible for Editor in 0.38 ms, found 2 plugins.
Preloading 0 native plugins for Editor in 0.00 ms.
2023-05-01 21:58:07.662 Unity[91441:4145824] NSEventModifierFlagFunction specified to -setKeyEquivalentModifierMask: for item <NSMenuItem: 0x7f7a84d653f0 Font Asset, ke='Command-F12'>, but is only supported for system-provided menu items; will not be used
Mono: successfully reloaded assembly
- Completed reload, in  2.482 seconds
Domain Reload Profiling:
	ReloadAssembly (2485ms)
		BeginReloadAssembly (247ms)
			ExecutionOrderSort (0ms)
			DisableScriptedObjects (43ms)
			BackupInstance (0ms)
			ReleaseScriptingObjects (0ms)
			CreateAndSetChildDomain (103ms)
		EndReloadAssembly (2150ms)
			LoadAssemblies (187ms)
			RebuildTransferFunctionScriptingTraits (0ms)
			SetupTypeCache (290ms)
			ReleaseScriptCaches (1ms)
			RebuildScriptCaches (54ms)
			SetupLoadedEditorAssemblies (1297ms)
				LogAssemblyErrors (0ms)
				InitializePlatformSupportModulesInManaged (15ms)
				SetLoadedEditorAssemblies (1ms)
				RefreshPlugins (0ms)
				BeforeProcessingInitializeOnLoad (282ms)
				ProcessInitializeOnLoadAttributes (963ms)
				ProcessInitializeOnLoadMethodAttributes (35ms)
				AfterProcessingInitializeOnLoad (1ms)
				EditorAssembliesLoaded (0ms)
			ExecutionOrderSort2 (0ms)
			AwakeInstancesAfterBackupRestoration (35ms)
Platform modules already initialized, skipping
Refreshing native plugins compatible for Editor in 0.35 ms, found 2 plugins.
Preloading 0 native plugins for Editor in 0.00 ms.
Unloading 1633 Unused Serialized files (Serialized files now loaded: 0)
System memory in use before: 272.7 MB.
System memory in use after: 272.9 MB.

Unloading 13 unused Assets to reduce memory usage. Loaded Objects now: 2131.
Total: 2.405000 ms (FindLiveObjects: 0.140208 ms CreateObjectMapping: 0.032875 ms MarkObjects: 2.212667 ms  DeleteObjects: 0.018166 ms)

AssetImportParameters requested are different than current active one (requested -> active):
  custom:video-decoder-ogg-theora: a1e56fd34408186e4bbccfd4996cb3dc -> 
  custom:container-muxer-webm: aa71ff27fc2769a1b78a27578f13a17b -> 
  custom:container-demuxer-webm: 4f35f7cbe854078d1ac9338744f61a02 -> 
  custom:container-demuxer-ogg: 62fdf1f143b41e24485cea50d1cbac27 -> 
  custom:video-encoder-webm-vp8: eb34c28f22e8b96e1ab97ce403110664 -> 
  custom:framework-osx-AVFoundation: e770b220cccbd017edd2c1fefb359320 -> 
  custom:video-decoder-webm-vp8: 9c59270c3fd7afecdb556c50c9e8de78 -> 
  custom:audio-decoder-ogg-vorbis: bf7c407c2cedff20999df2af8eb42d56 -> 
  custom:audio-encoder-webm-vorbis: bf7c407c2cedff20999df2af8eb42d56 -> 
========================================================================
Received Import Request.
  Time since last request: 453.351594 seconds.
  path: Assets/BunnyBall/Prefabs/BrickWall.prefab
  artifactKey: Guid(db6cbfbd2fadd4436bde41b27b36aec6) Importer(815301076,1909f56bfc062723c751e8b465ee728b)
Start importing Assets/BunnyBall/Prefabs/BrickWall.prefab using Guid(db6cbfbd2fadd4436bde41b27b36aec6) Importer(815301076,1909f56bfc062723c751e8b465ee728b)  -> (artifact id: 'e8f5828d28b8c197e6a3032734ae35dd') in 0.150785 seconds 
  Import took 0.153349 seconds .

========================================================================
Received Prepare
Registering precompiled user dll's ...
Registered in 0.008505 seconds.
Begin MonoManager ReloadAssembly
Native extension for OSXStandalone target not found
Refreshing native plugins compatible for Editor in 0.49 ms, found 2 plugins.
Preloading 0 native plugins for Editor in 0.00 ms.
2023-05-01 22:00:19.657 Unity[91441:4145824] NSEventModifierFlagFunction specified to -setKeyEquivalentModifierMask: for item <NSMenuItem: 0x7f7a8493b630 Font Asset, ke='Command-F12'>, but is only supported for system-provided menu items; will not be used
Mono: successfully reloaded assembly
- Completed reload, in  2.546 seconds
Domain Reload Profiling:
	ReloadAssembly (2547ms)
		BeginReloadAssembly (195ms)
			ExecutionOrderSort (0ms)
			DisableScriptedObjects (39ms)
			BackupInstance (0ms)
			ReleaseScriptingObjects (0ms)
			CreateAndSetChildDomain (58ms)
		EndReloadAssembly (2266ms)
			LoadAssemblies (195ms)
			RebuildTransferFunctionScriptingTraits (0ms)
			SetupTypeCache (290ms)
			ReleaseScriptCaches (1ms)
			RebuildScriptCaches (53ms)
			SetupLoadedEditorAssemblies (1417ms)
				LogAssemblyErrors (0ms)
				InitializePlatformSupportModulesInManaged (18ms)
				SetLoadedEditorAssemblies (2ms)
				RefreshPlugins (1ms)
				BeforeProcessingInitializeOnLoad (287ms)
				ProcessInitializeOnLoadAttributes (1072ms)
				ProcessInitializeOnLoadMethodAttributes (36ms)
				AfterProcessingInitializeOnLoad (1ms)
				EditorAssembliesLoaded (0ms)
			ExecutionOrderSort2 (0ms)
			AwakeInstancesAfterBackupRestoration (41ms)
Platform modules already initialized, skipping
Refreshing native plugins compatible for Editor in 0.30 ms, found 2 plugins.
Preloading 0 native plugins for Editor in 0.00 ms.
Unloading 1633 Unused Serialized files (Serialized files now loaded: 0)
System memory in use before: 275.8 MB.
System memory in use after: 275.9 MB.

Unloading 12 unused Assets to reduce memory usage. Loaded Objects now: 2134.
Total: 2.209250 ms (FindLiveObjects: 0.116083 ms CreateObjectMapping: 0.038417 ms MarkObjects: 2.037500 ms  DeleteObjects: 0.016459 ms)

AssetImportParameters requested are different than current active one (requested -> active):
  custom:video-decoder-ogg-theora: a1e56fd34408186e4bbccfd4996cb3dc -> 
  custom:container-muxer-webm: aa71ff27fc2769a1b78a27578f13a17b -> 
  custom:container-demuxer-webm: 4f35f7cbe854078d1ac9338744f61a02 -> 
  custom:container-demuxer-ogg: 62fdf1f143b41e24485cea50d1cbac27 -> 
  custom:video-encoder-webm-vp8: eb34c28f22e8b96e1ab97ce403110664 -> 
  custom:framework-osx-AVFoundation: e770b220cccbd017edd2c1fefb359320 -> 
  custom:video-decoder-webm-vp8: 9c59270c3fd7afecdb556c50c9e8de78 -> 
  custom:audio-decoder-ogg-vorbis: bf7c407c2cedff20999df2af8eb42d56 -> 
  custom:audio-encoder-webm-vorbis: bf7c407c2cedff20999df2af8eb42d56 -> 
========================================================================
Received Prepare
Registering precompiled user dll's ...
Registered in 0.002862 seconds.
Begin MonoManager ReloadAssembly
Native extension for OSXStandalone target not found
Refreshing native plugins compatible for Editor in 0.38 ms, found 2 plugins.
Preloading 0 native plugins for Editor in 0.00 ms.
2023-05-01 22:01:23.374 Unity[91441:4145824] NSEventModifierFlagFunction specified to -setKeyEquivalentModifierMask: for item <NSMenuItem: 0x7f7a961c84d0 Font Asset, ke='Command-F12'>, but is only supported for system-provided menu items; will not be used
Mono: successfully reloaded assembly
- Completed reload, in  2.404 seconds
Domain Reload Profiling:
	ReloadAssembly (2405ms)
		BeginReloadAssembly (225ms)
			ExecutionOrderSort (0ms)
			DisableScriptedObjects (40ms)
			BackupInstance (0ms)
			ReleaseScriptingObjects (0ms)
			CreateAndSetChildDomain (84ms)
		EndReloadAssembly (2094ms)
			LoadAssemblies (188ms)
			RebuildTransferFunctionScriptingTraits (0ms)
			SetupTypeCache (285ms)
			ReleaseScriptCaches (1ms)
			RebuildScriptCaches (53ms)
			SetupLoadedEditorAssemblies (1293ms)
				LogAssemblyErrors (0ms)
				InitializePlatformSupportModulesInManaged (16ms)
				SetLoadedEditorAssemblies (1ms)
				RefreshPlugins (0ms)
				BeforeProcessingInitializeOnLoad (272ms)
				ProcessInitializeOnLoadAttributes (971ms)
				ProcessInitializeOnLoadMethodAttributes (32ms)
				AfterProcessingInitializeOnLoad (1ms)
				EditorAssembliesLoaded (0ms)
			ExecutionOrderSort2 (0ms)
			AwakeInstancesAfterBackupRestoration (33ms)
Platform modules already initialized, skipping
Refreshing native plugins compatible for Editor in 0.31 ms, found 2 plugins.
Preloading 0 native plugins for Editor in 0.00 ms.
Unloading 1633 Unused Serialized files (Serialized files now loaded: 0)
System memory in use before: 278.7 MB.
System memory in use after: 278.8 MB.

Unloading 12 unused Assets to reduce memory usage. Loaded Objects now: 2136.
Total: 2.230125 ms (FindLiveObjects: 0.112292 ms CreateObjectMapping: 0.031334 ms MarkObjects: 2.070208 ms  DeleteObjects: 0.015542 ms)

AssetImportParameters requested are different than current active one (requested -> active):
  custom:video-decoder-ogg-theora: a1e56fd34408186e4bbccfd4996cb3dc -> 
  custom:container-muxer-webm: aa71ff27fc2769a1b78a27578f13a17b -> 
  custom:container-demuxer-webm: 4f35f7cbe854078d1ac9338744f61a02 -> 
  custom:container-demuxer-ogg: 62fdf1f143b41e24485cea50d1cbac27 -> 
  custom:video-encoder-webm-vp8: eb34c28f22e8b96e1ab97ce403110664 -> 
  custom:framework-osx-AVFoundation: e770b220cccbd017edd2c1fefb359320 -> 
  custom:video-decoder-webm-vp8: 9c59270c3fd7afecdb556c50c9e8de78 -> 
  custom:audio-decoder-ogg-vorbis: bf7c407c2cedff20999df2af8eb42d56 -> 
  custom:audio-encoder-webm-vorbis: bf7c407c2cedff20999df2af8eb42d56 -> 
========================================================================
Received Import Request.
  Time since last request: 198.463030 seconds.
  path: Assets/BunnyBall/Scripts/GameManager.cs
  artifactKey: Guid(450723c1ef06ee64fb4a6fdf8c15717a) Importer(815301076,1909f56bfc062723c751e8b465ee728b)
Start importing Assets/BunnyBall/Scripts/GameManager.cs using Guid(450723c1ef06ee64fb4a6fdf8c15717a) Importer(815301076,1909f56bfc062723c751e8b465ee728b)  -> (artifact id: '603dd0a1125280907a428fb02ff16e56') in 0.008239 seconds 
  Import took 0.011140 seconds .

========================================================================
Received Import Request.
  Time since last request: 0.000693 seconds.
  path: Assets/BunnyBall/Scripts/GameManager.cs
  artifactKey: Guid(450723c1ef06ee64fb4a6fdf8c15717a) Importer(815301076,1909f56bfc062723c751e8b465ee728b)
Start importing Assets/BunnyBall/Scripts/GameManager.cs using Guid(450723c1ef06ee64fb4a6fdf8c15717a) Importer(815301076,1909f56bfc062723c751e8b465ee728b)  -> (artifact id: '603dd0a1125280907a428fb02ff16e56') in 0.001948 seconds 
  Import took 0.003983 seconds .

========================================================================
Received Prepare
Registering precompiled user dll's ...
Registered in 0.001780 seconds.
Begin MonoManager ReloadAssembly
Native extension for OSXStandalone target not found
Refreshing native plugins compatible for Editor in 0.39 ms, found 2 plugins.
Preloading 0 native plugins for Editor in 0.00 ms.
2023-05-01 22:03:46.820 Unity[91441:4145824] NSEventModifierFlagFunction specified to -setKeyEquivalentModifierMask: for item <NSMenuItem: 0x7f7a84d0a320 Font Asset, ke='Command-F12'>, but is only supported for system-provided menu items; will not be used
Mono: successfully reloaded assembly
- Completed reload, in  2.607 seconds
Domain Reload Profiling:
	ReloadAssembly (2608ms)
		BeginReloadAssembly (227ms)
			ExecutionOrderSort (0ms)
			DisableScriptedObjects (46ms)
			BackupInstance (0ms)
			ReleaseScriptingObjects (0ms)
			CreateAndSetChildDomain (74ms)
		EndReloadAssembly (2293ms)
			LoadAssemblies (185ms)
			RebuildTransferFunctionScriptingTraits (0ms)
			SetupTypeCache (309ms)
			ReleaseScriptCaches (1ms)
			RebuildScriptCaches (55ms)
			SetupLoadedEditorAssemblies (1396ms)
				LogAssemblyErrors (0ms)
				InitializePlatformSupportModulesInManaged (16ms)
				SetLoadedEditorAssemblies (1ms)
				RefreshPlugins (0ms)
				BeforeProcessingInitializeOnLoad (286ms)
				ProcessInitializeOnLoadAttributes (1054ms)
				ProcessInitializeOnLoadMethodAttributes (37ms)
				AfterProcessingInitializeOnLoad (1ms)
				EditorAssembliesLoaded (0ms)
			ExecutionOrderSort2 (0ms)
			AwakeInstancesAfterBackupRestoration (70ms)
Platform modules already initialized, skipping
Refreshing native plugins compatible for Editor in 0.41 ms, found 2 plugins.
Preloading 0 native plugins for Editor in 0.00 ms.
Unloading 1633 Unused Serialized files (Serialized files now loaded: 0)
System memory in use before: 281.6 MB.
System memory in use after: 281.7 MB.

Unloading 12 unused Assets to reduce memory usage. Loaded Objects now: 2138.
Total: 2.487542 ms (FindLiveObjects: 0.191833 ms CreateObjectMapping: 0.033791 ms MarkObjects: 2.230625 ms  DeleteObjects: 0.030250 ms)

AssetImportParameters requested are different than current active one (requested -> active):
  custom:video-decoder-ogg-theora: a1e56fd34408186e4bbccfd4996cb3dc -> 
  custom:container-muxer-webm: aa71ff27fc2769a1b78a27578f13a17b -> 
  custom:container-demuxer-webm: 4f35f7cbe854078d1ac9338744f61a02 -> 
  custom:container-demuxer-ogg: 62fdf1f143b41e24485cea50d1cbac27 -> 
  custom:video-encoder-webm-vp8: eb34c28f22e8b96e1ab97ce403110664 -> 
  custom:framework-osx-AVFoundation: e770b220cccbd017edd2c1fefb359320 -> 
  custom:video-decoder-webm-vp8: 9c59270c3fd7afecdb556c50c9e8de78 -> 
  custom:audio-decoder-ogg-vorbis: bf7c407c2cedff20999df2af8eb42d56 -> 
  custom:audio-encoder-webm-vorbis: bf7c407c2cedff20999df2af8eb42d56 -> 
========================================================================
Received Prepare
Registering precompiled user dll's ...
Registered in 0.007183 seconds.
Begin MonoManager ReloadAssembly
Native extension for OSXStandalone target not found
Refreshing native plugins compatible for Editor in 0.38 ms, found 2 plugins.
Preloading 0 native plugins for Editor in 0.00 ms.
2023-05-01 22:04:41.945 Unity[91441:4145824] NSEventModifierFlagFunction specified to -setKeyEquivalentModifierMask: for item <NSMenuItem: 0x7f7a84d5a640 Font Asset, ke='Command-F12'>, but is only supported for system-provided menu items; will not be used
Mono: successfully reloaded assembly
- Completed reload, in  2.452 seconds
Domain Reload Profiling:
	ReloadAssembly (2453ms)
		BeginReloadAssembly (213ms)
			ExecutionOrderSort (0ms)
			DisableScriptedObjects (42ms)
			BackupInstance (0ms)
			ReleaseScriptingObjects (0ms)
			CreateAndSetChildDomain (69ms)
		EndReloadAssembly (2152ms)
			LoadAssemblies (183ms)
			RebuildTransferFunctionScriptingTraits (0ms)
			SetupTypeCache (288ms)
			ReleaseScriptCaches (1ms)
			RebuildScriptCaches (51ms)
			SetupLoadedEditorAssemblies (1336ms)
				LogAssemblyErrors (0ms)
				InitializePlatformSupportModulesInManaged (14ms)
				SetLoadedEditorAssemblies (1ms)
				RefreshPlugins (0ms)
				BeforeProcessingInitializeOnLoad (284ms)
				ProcessInitializeOnLoadAttributes (1003ms)
				ProcessInitializeOnLoadMethodAttributes (32ms)
				AfterProcessingInitializeOnLoad (1ms)
				EditorAssembliesLoaded (0ms)
			ExecutionOrderSort2 (0ms)
			AwakeInstancesAfterBackupRestoration (34ms)
Platform modules already initialized, skipping
Refreshing native plugins compatible for Editor in 0.29 ms, found 2 plugins.
Preloading 0 native plugins for Editor in 0.00 ms.
Unloading 1633 Unused Serialized files (Serialized files now loaded: 0)
System memory in use before: 284.5 MB.
System memory in use after: 284.6 MB.

Unloading 12 unused Assets to reduce memory usage. Loaded Objects now: 2140.
Total: 2.076084 ms (FindLiveObjects: 0.135333 ms CreateObjectMapping: 0.041125 ms MarkObjects: 1.881292 ms  DeleteObjects: 0.017417 ms)

AssetImportParameters requested are different than current active one (requested -> active):
  custom:video-decoder-ogg-theora: a1e56fd34408186e4bbccfd4996cb3dc -> 
  custom:container-muxer-webm: aa71ff27fc2769a1b78a27578f13a17b -> 
  custom:container-demuxer-webm: 4f35f7cbe854078d1ac9338744f61a02 -> 
  custom:container-demuxer-ogg: 62fdf1f143b41e24485cea50d1cbac27 -> 
  custom:video-encoder-webm-vp8: eb34c28f22e8b96e1ab97ce403110664 -> 
  custom:framework-osx-AVFoundation: e770b220cccbd017edd2c1fefb359320 -> 
  custom:video-decoder-webm-vp8: 9c59270c3fd7afecdb556c50c9e8de78 -> 
  custom:audio-decoder-ogg-vorbis: bf7c407c2cedff20999df2af8eb42d56 -> 
  custom:audio-encoder-webm-vorbis: bf7c407c2cedff20999df2af8eb42d56 -> 
========================================================================
Received Prepare
Registering precompiled user dll's ...
Registered in 0.004323 seconds.
Begin MonoManager ReloadAssembly
Native extension for OSXStandalone target not found
Refreshing native plugins compatible for Editor in 0.36 ms, found 2 plugins.
Preloading 0 native plugins for Editor in 0.00 ms.
2023-05-01 22:11:35.932 Unity[91441:4145824] NSEventModifierFlagFunction specified to -setKeyEquivalentModifierMask: for item <NSMenuItem: 0x7f7ab51c5600 Font Asset, ke='Command-F12'>, but is only supported for system-provided menu items; will not be used
Mono: successfully reloaded assembly
- Completed reload, in  2.550 seconds
Domain Reload Profiling:
	ReloadAssembly (2551ms)
		BeginReloadAssembly (269ms)
			ExecutionOrderSort (0ms)
			DisableScriptedObjects (41ms)
			BackupInstance (0ms)
			ReleaseScriptingObjects (0ms)
			CreateAndSetChildDomain (94ms)
		EndReloadAssembly (2194ms)
			LoadAssemblies (203ms)
			RebuildTransferFunctionScriptingTraits (0ms)
			SetupTypeCache (279ms)
			ReleaseScriptCaches (1ms)
			RebuildScriptCaches (54ms)
			SetupLoadedEditorAssemblies (1383ms)
				LogAssemblyErrors (0ms)
				InitializePlatformSupportModulesInManaged (15ms)
				SetLoadedEditorAssemblies (1ms)
				RefreshPlugins (0ms)
				BeforeProcessingInitializeOnLoad (276ms)
				ProcessInitializeOnLoadAttributes (1057ms)
				ProcessInitializeOnLoadMethodAttributes (33ms)
				AfterProcessingInitializeOnLoad (1ms)
				EditorAssembliesLoaded (0ms)
			ExecutionOrderSort2 (0ms)
			AwakeInstancesAfterBackupRestoration (36ms)
Platform modules already initialized, skipping
Refreshing native plugins compatible for Editor in 0.33 ms, found 2 plugins.
Preloading 0 native plugins for Editor in 0.00 ms.
Unloading 1633 Unused Serialized files (Serialized files now loaded: 0)
System memory in use before: 287.4 MB.
System memory in use after: 287.5 MB.

Unloading 12 unused Assets to reduce memory usage. Loaded Objects now: 2142.
Total: 2.348667 ms (FindLiveObjects: 0.201667 ms CreateObjectMapping: 0.034917 ms MarkObjects: 2.090625 ms  DeleteObjects: 0.020333 ms)

AssetImportParameters requested are different than current active one (requested -> active):
  custom:video-decoder-ogg-theora: a1e56fd34408186e4bbccfd4996cb3dc -> 
  custom:container-muxer-webm: aa71ff27fc2769a1b78a27578f13a17b -> 
  custom:container-demuxer-webm: 4f35f7cbe854078d1ac9338744f61a02 -> 
  custom:container-demuxer-ogg: 62fdf1f143b41e24485cea50d1cbac27 -> 
  custom:video-encoder-webm-vp8: eb34c28f22e8b96e1ab97ce403110664 -> 
  custom:framework-osx-AVFoundation: e770b220cccbd017edd2c1fefb359320 -> 
  custom:video-decoder-webm-vp8: 9c59270c3fd7afecdb556c50c9e8de78 -> 
  custom:audio-decoder-ogg-vorbis: bf7c407c2cedff20999df2af8eb42d56 -> 
  custom:audio-encoder-webm-vorbis: bf7c407c2cedff20999df2af8eb42d56 -> 
